Using pre-set license
Built from '2020.3/staging' branch; Version is '2020.3.11f1 (99c7afb366b3) revision 10078127'; Using compiler version '192528614'; Build Type 'Release'
OS: 'Windows 10 Pro; OS build 19041.330; Version 2004; 64bit' Language: 'ru' Physical Memory: 6058 MB
BatchMode: 1, IsHumanControllingUs: 0, StartBugReporterOnCrash: 0, Is64bit: 1, IsPro: 0

 COMMAND LINE ARGUMENTS:
D:\Программы\Unity3D\2020.3.11f1\Editor\Unity.exe
-adb2
-batchMode
-noUpm
-name
AssetImportWorker0
-projectPath
E:/Unity Projects/it worked yesterday
-logFile
Logs/AssetImportWorker0.log
-srvPort
53199
Successfully changed project path to: E:/Unity Projects/it worked yesterday
E:/Unity Projects/it worked yesterday
Using Asset Import Pipeline V2.
Refreshing native plugins compatible for Editor in 98.35 ms, found 3 plugins.
Preloading 0 native plugins for Editor in 0.00 ms.
Initialize engine version: 2020.3.11f1 (99c7afb366b3)
[Subsystems] Discovering subsystems at path D:/Программы/Unity3D/2020.3.11f1/Editor/Data/Resources/UnitySubsystems
[Subsystems] Discovering subsystems at path E:/Unity Projects/it worked yesterday/Assets
GfxDevice: creating device client; threaded=0
Direct3D:
    Version:  Direct3D 11.0 [level 11.1]
    Renderer: AMD Radeon(TM) Vega 8 Graphics (ID=0x15d8)
    Vendor:   
    VRAM:     3029 MB
    Driver:   26.20.12028.2
Initialize mono
Mono path[0] = 'D:/Программы/Unity3D/2020.3.11f1/Editor/Data/Managed'
Mono path[1] = 'D:/Программы/Unity3D/2020.3.11f1/Editor/Data/MonoBleedingEdge/lib/mono/unityjit'
Mono config path = 'D:/Программы/Unity3D/2020.3.11f1/Editor/Data/MonoBleedingEdge/etc'
Using monoOptions --debugger-agent=transport=dt_socket,embedding=1,server=y,suspend=n,address=127.0.0.1:56332
Begin MonoManager ReloadAssembly
Registering precompiled unity dll's ...
Register platform support module: D:/Программы/Unity3D/2020.3.11f1/Editor/Data/PlaybackEngines/WindowsStandaloneSupport/UnityEditor.WindowsStandalone.Extensions.dll
Register platform support module: D:/Программы/Unity3D/2020.3.11f1/Editor/Data/PlaybackEngines/LinuxStandaloneSupport/UnityEditor.LinuxStandalone.Extensions.dll
Registered in 0.004814 seconds.
Native extension for LinuxStandalone target not found
Native extension for WindowsStandalone target not found
Refreshing native plugins compatible for Editor in 80.06 ms, found 3 plugins.
Preloading 0 native plugins for Editor in 0.00 ms.
Unable to find bridge dll in registry for Microsoft Visual Studio Tools for Unity for C:/Program Files (x86)/Microsoft Visual Studio/2019/Community/Common7/IDE/devenv.exe
Mono: successfully reloaded assembly
- Completed reload, in  3.526 seconds
Platform modules already initialized, skipping
Registering precompiled user dll's ...
Registered in 0.005982 seconds.
Begin MonoManager ReloadAssembly
Native extension for LinuxStandalone target not found
Native extension for WindowsStandalone target not found
Refreshing native plugins compatible for Editor in 89.58 ms, found 3 plugins.
Preloading 0 native plugins for Editor in 0.00 ms.
Mono: successfully reloaded assembly
- Completed reload, in  2.652 seconds
Platform modules already initialized, skipping
========================================================================
Worker process is ready to serve import requests
Launched and connected shader compiler UnityShaderCompiler.exe after 0.12 seconds
Refreshing native plugins compatible for Editor in 1.11 ms, found 3 plugins.
Preloading 0 native plugins for Editor in 0.00 ms.
Unloading 2080 Unused Serialized files (Serialized files now loaded: 0)
System memory in use before: 92.8 MB.
System memory in use after: 92.8 MB.

Unloading 33 unused Assets to reduce memory usage. Loaded Objects now: 2514.
Total: 6.023800 ms (FindLiveObjects: 0.740500 ms CreateObjectMapping: 0.150200 ms MarkObjects: 4.805400 ms  DeleteObjects: 0.322900 ms)

========================================================================
Received Import Request.
  path: Assets/Font/OpenSans-Bold.ttf
  artifactKey: Guid(e87bc9b5c166e014dbb7064a44e06ff8) Importer(815301076,1909f56bfc062723c751e8b465ee728b)
Start importing Assets/Font/OpenSans-Bold.ttf using Guid(e87bc9b5c166e014dbb7064a44e06ff8) Importer(815301076,1909f56bfc062723c751e8b465ee728b)  -> (artifact id: '2470897e621fef846bfff510b2595487') in 0.309388 seconds
  Import took 0.317774 seconds .

========================================================================
Received Import Request.
  Time since last request: 0.000524 seconds.
  path: Assets/Font/OpenSans-BoldItalic.ttf
  artifactKey: Guid(170972a984083ba409680f82995a12d9) Importer(815301076,1909f56bfc062723c751e8b465ee728b)
Start importing Assets/Font/OpenSans-BoldItalic.ttf using Guid(170972a984083ba409680f82995a12d9) Importer(815301076,1909f56bfc062723c751e8b465ee728b)  -> (artifact id: '4270bcce2cdae6f719b2f9909a6d2f96') in 0.020670 seconds
  Import took 0.030300 seconds .

========================================================================
Received Import Request.
  Time since last request: 0.000532 seconds.
  path: Assets/Font/OpenSans-LightItalic.ttf
  artifactKey: Guid(c2e21b8c51244f94f8b4c5dcca7940a0) Importer(815301076,1909f56bfc062723c751e8b465ee728b)
Start importing Assets/Font/OpenSans-LightItalic.ttf using Guid(c2e21b8c51244f94f8b4c5dcca7940a0) Importer(815301076,1909f56bfc062723c751e8b465ee728b)  -> (artifact id: '430408413172f3cf457719e27a6d5306') in 0.022628 seconds
  Import took 0.031130 seconds .

========================================================================
Received Import Request.
  Time since last request: 0.000413 seconds.
  path: Assets/Font/OpenSans-ExtraBold.ttf
  artifactKey: Guid(ff02ce63edb73834fbc5792e12d8adcc) Importer(815301076,1909f56bfc062723c751e8b465ee728b)
Start importing Assets/Font/OpenSans-ExtraBold.ttf using Guid(ff02ce63edb73834fbc5792e12d8adcc) Importer(815301076,1909f56bfc062723c751e8b465ee728b)  -> (artifact id: '653103bda2d36f3b5eec5992e81f72fa') in 0.031537 seconds
  Import took 0.042452 seconds .

========================================================================
Received Import Request.
  Time since last request: 0.000459 seconds.
  path: Assets/Font/OpenSans-Light.ttf
  artifactKey: Guid(8f03d6ba4034ea8498cd22dd795cbd61) Importer(815301076,1909f56bfc062723c751e8b465ee728b)
Start importing Assets/Font/OpenSans-Light.ttf using Guid(8f03d6ba4034ea8498cd22dd795cbd61) Importer(815301076,1909f56bfc062723c751e8b465ee728b)  -> (artifact id: '66e9c1bc98a3c5f1c02f77b01b709b93') in 0.030856 seconds
  Import took 0.042041 seconds .

========================================================================
Received Import Request.
  Time since last request: 0.000397 seconds.
  path: Assets/Font/OpenSans-Italic.ttf
  artifactKey: Guid(52ef7819fd1fdfa4f96ab0462fadadd3) Importer(815301076,1909f56bfc062723c751e8b465ee728b)
Start importing Assets/Font/OpenSans-Italic.ttf using Guid(52ef7819fd1fdfa4f96ab0462fadadd3) Importer(815301076,1909f56bfc062723c751e8b465ee728b)  -> (artifact id: 'c64965f48b4af24f2097d5ca50c42dd3') in 0.027823 seconds
  Import took 0.036307 seconds .

========================================================================
Received Import Request.
  Time since last request: 0.000557 seconds.
  path: Assets/Font/OpenSans-Semibold.ttf
  artifactKey: Guid(765f8bc361364244bb8704e09f5fb723) Importer(815301076,1909f56bfc062723c751e8b465ee728b)
Start importing Assets/Font/OpenSans-Semibold.ttf using Guid(765f8bc361364244bb8704e09f5fb723) Importer(815301076,1909f56bfc062723c751e8b465ee728b)  -> (artifact id: '3d0a15a199d77493907fa6ebb1c703c6') in 0.027604 seconds
  Import took 0.035307 seconds .

========================================================================
Received Import Request.
  Time since last request: 0.000746 seconds.
  path: Assets/Font/OpenSans-SemiboldItalic.ttf
  artifactKey: Guid(1858641607ba3ce46886aa6f4d8aca8a) Importer(815301076,1909f56bfc062723c751e8b465ee728b)
Start importing Assets/Font/OpenSans-SemiboldItalic.ttf using Guid(1858641607ba3ce46886aa6f4d8aca8a) Importer(815301076,1909f56bfc062723c751e8b465ee728b)  -> (artifact id: '57b66d0d45849a6c47df41df861906e1') in 0.020501 seconds
  Import took 0.029651 seconds .

========================================================================
Received Import Request.
  Time since last request: 0.000738 seconds.
  path: Assets/Font/OpenSans-Regular.ttf
  artifactKey: Guid(1ef1ab0bf090d304683ed5fb650fc1b5) Importer(815301076,1909f56bfc062723c751e8b465ee728b)
Start importing Assets/Font/OpenSans-Regular.ttf using Guid(1ef1ab0bf090d304683ed5fb650fc1b5) Importer(815301076,1909f56bfc062723c751e8b465ee728b)  -> (artifact id: '0b6d2619954ce7c918e91e282c819cba') in 0.023138 seconds
  Import took 0.033584 seconds .

========================================================================
Received Import Request.
  Time since last request: 0.000431 seconds.
  path: Assets/Font/OpenSans-ExtraBoldItalic.ttf
  artifactKey: Guid(ebeaf122ea6527a49a3b0343c52ce1f4) Importer(815301076,1909f56bfc062723c751e8b465ee728b)
Start importing Assets/Font/OpenSans-ExtraBoldItalic.ttf using Guid(ebeaf122ea6527a49a3b0343c52ce1f4) Importer(815301076,1909f56bfc062723c751e8b465ee728b)  -> (artifact id: 'd813b733b42f1c776d73982aef22c672') in 0.023583 seconds
  Import took 0.032047 seconds .

